<?xml version="1.0" encoding="UTF-8"?>
<!-- Generated by org.testng.reporters.JUnitReportReporter -->
<testsuite skipped="0" hostname="DESKTOP-RPFQAGM" name="objectsrepository.LoginPageApplication" tests="1" failures="0" timestamp="2021-07-08T20:29:25 IST" time="20.141" errors="0">
  <testcase name="Login" time="20.141" classname="objectsrepository.LoginPageApplication"/>
  <system-out/>
</testsuite> <!-- objectsrepository.LoginPageApplication -->
