<?xml version="1.0" encoding="UTF-8"?>
<!-- Generated by org.testng.reporters.JUnitReportReporter -->
<testsuite skipped="0" hostname="DESKTOP-RPFQAGM" name="testcases.LoginPageApplication" tests="1" failures="0" timestamp="2021-07-08T21:06:06 IST" time="38.864" errors="0">
  <testcase name="Login" time="38.864" classname="testcases.LoginPageApplication"/>
  <system-out/>
</testsuite> <!-- testcases.LoginPageApplication -->
